226,TranslateProgram:
Main Translate Begin!
771,Translate:Translate LetExp level tigermain label L0
966,Translate:Translate TypeDec level tigermain label L0
1013,Translate:Translate RecordTy
935,Translate:Translate VarDec level tigermain label L0
561,Translate:Translate RecordExp level tigermain label L0
366,Translate:Translate IntExp level tigermain label L0
366,Translate:Translate IntExp level tigermain label L0
619,Translate:Translate SeqExp level tigermain label L0
386,Translate:Translate CallExp level tigermain label L0
336,Translate:Translate VarExp level tigermain label L0
276,Translate:Translate FieldVar level tigermain label L0
257,Translate:Translate SimpleVar level tigermain label L0
226,TranslateProgram: 
Main Translate Begin!
771,Translate: Translate LetExp level tigermain label L0
966,Translate: Translate TypeDec level tigermain label L0
1013,Translate: Translate RecordTy
935,Translate: Translate VarDec level tigermain label L0
561,Translate: Translate RecordExp level tigermain label L0
366,Translate: Translate IntExp level tigermain label L0
366,Translate: Translate IntExp level tigermain label L0
619,Translate: Translate SeqExp level tigermain label L0
386,Translate: Translate CallExp level tigermain label L0
336,Translate: Translate VarExp level tigermain label L0
276,Translate: Translate FieldVar level tigermain label L0
257,Translate: Translate SimpleVar level tigermain label L0
386,Translate: Translate CallExp level tigermain label L0
336,Translate: Translate VarExp level tigermain label L0
276,Translate: Translate FieldVar level tigermain label L0
257,Translate: Translate SimpleVar level tigermain label L0
226,TranslateProgram: 
Main Translate Begin!
773,Translate: Translate LetExp level tigermain label L0
937,Translate: Translate VarDec level tigermain label L0
368,Translate: Translate IntExp level tigermain label L0
968,Translate: Translate TypeDec level tigermain label L0
1022,Translate: Translate ArrayTy
937,Translate: Translate VarDec level tigermain label L0
794,Translate: Translate ArrayExp level tigermain label L0
338,Translate: Translate VarExp level tigermain label L0
259,Translate: Translate SimpleVar level tigermain label L0
368,Translate: Translate IntExp level tigermain label L0
863,Translate: Translate FunctionDec level tigermain label L0
226,TranslateProgram: 
Main Translate Begin!
773,Translate: Translate LetExp level tigermain label L0
938,Translate: Translate VarDec level tigermain label L0
368,Translate: Translate IntExp level tigermain label L0
969,Translate: Translate TypeDec level tigermain label L0
1023,Translate: Translate ArrayTy
938,Translate: Translate VarDec level tigermain label L0
794,Translate: Translate ArrayExp level tigermain label L0
338,Translate: Translate VarExp level tigermain label L0
259,Translate: Translate SimpleVar level tigermain label L0
368,Translate: Translate IntExp level tigermain label L0
863,Translate: Translate FunctionDec level tigermain label L0
900,Translate: empty point!
388,Translate: Translate CallExp level nop label nop
376,Translate: Translate StringExp level nop label nop
900,Translate: empty point!
732,Translate: Translate ForExp level init label init
368,Translate: Translate IntExp level init label init
448,Translate: Translate OpExp level init label init
338,Translate: Translate VarExp level init label init
259,Translate: Translate SimpleVar level init label init
368,Translate: Translate IntExp level init label init
621,Translate: Translate SeqExp level init label L2
641,Translate: Translate AssignExp level init label L2
311,Translate: Translate SubscriptVar level init label L2
259,Translate: Translate SimpleVar level init label L2
338,Translate: Translate VarExp level init label L2
259,Translate: Translate SimpleVar level init label L2
448,Translate: Translate OpExp level init label L2
448,Translate: Translate OpExp level init label L2
338,Translate: Translate VarExp level init label L2
259,Translate: Translate SimpleVar level init label L2
368,Translate: Translate IntExp level init label L2
368,Translate: Translate IntExp level init label L2
388,Translate: Translate CallExp level init label L2
900,Translate: empty point!
663,Translate: Translate IfExp level bsearch label bsearch
448,Translate: Translate OpExp level bsearch label bsearch
338,Translate: Translate VarExp level bsearch label bsearch
259,Translate: Translate SimpleVar level bsearch label bsearch
338,Translate: Translate VarExp level bsearch label bsearch
259,Translate: Translate SimpleVar level bsearch label bsearch
338,Translate: Translate VarExp level bsearch label bsearch
259,Translate: Translate SimpleVar level bsearch label bsearch
773,Translate: Translate LetExp level bsearch label bsearch
938,Translate: Translate VarDec level bsearch label bsearch
448,Translate: Translate OpExp level bsearch label bsearch
448,Translate: Translate OpExp level bsearch label bsearch
338,Translate: Translate VarExp level bsearch label bsearch
259,Translate: Translate SimpleVar level bsearch label bsearch
338,Translate: Translate VarExp level bsearch label bsearch
259,Translate: Translate SimpleVar level bsearch label bsearch
368,Translate: Translate IntExp level bsearch label bsearch
621,Translate: Translate SeqExp level bsearch label bsearch
663,Translate: Translate IfExp level bsearch label bsearch
448,Translate: Translate OpExp level bsearch label bsearch
338,Translate: Translate VarExp level bsearch label bsearch
311,Translate: Translate SubscriptVar level bsearch label bsearch
259,Translate: Translate SimpleVar level bsearch label bsearch
338,Translate: Translate VarExp level bsearch label bsearch
259,Translate: Translate SimpleVar level bsearch label bsearch
338,Translate: Translate VarExp level bsearch label bsearch
259,Translate: Translate SimpleVar level bsearch label bsearch
388,Translate: Translate CallExp level bsearch label bsearch
448,Translate: Translate OpExp level bsearch label bsearch
338,Translate: Translate VarExp level bsearch label bsearch
259,Translate: Translate SimpleVar level bsearch label bsearch
368,Translate: Translate IntExp level bsearch label bsearch
338,Translate: Translate VarExp level bsearch label bsearch
259,Translate: Translate SimpleVar level bsearch label bsearch
338,Translate: Translate VarExp level bsearch label bsearch
259,Translate: Translate SimpleVar level bsearch label bsearch
388,Translate: Translate CallExp level bsearch label bsearch
338,Translate: Translate VarExp level bsearch label bsearch
259,Translate: Translate SimpleVar level bsearch label bsearch
338,Translate: Translate VarExp level bsearch label bsearch
259,Translate: Translate SimpleVar level bsearch label bsearch
338,Translate: Translate VarExp level bsearch label bsearch
259,Translate: Translate SimpleVar level bsearch label bsearch
900,Translate: empty point!
621,Translate: Translate SeqExp level try label try
388,Translate: Translate CallExp level try label try
388,Translate: Translate CallExp level try label try
388,Translate: Translate CallExp level try label try
368,Translate: Translate IntExp level try label try
448,Translate: Translate OpExp level try label try
338,Translate: Translate VarExp level try label try
259,Translate: Translate SimpleVar level try label try
368,Translate: Translate IntExp level try label try
368,Translate: Translate IntExp level try label try
388,Translate: Translate CallExp level try label try
376,Translate: Translate StringExp level try label try
621,Translate: Translate SeqExp level tigermain label L0
388,Translate: Translate CallExp level tigermain label L0
236,TranslateProgram: 
Main Translate End!
226,TranslateProgram: 
Main Translate Begin!
791,Translate: Translate LetExp level tigermain label L0
975,Translate: Translate VarDec level tigermain label L0
368,Translate: Translate IntExp level tigermain label L0
1007,Translate: Translate TypeDec level tigermain label L0
1061,Translate: Translate ArrayTy
975,Translate: Translate VarDec level tigermain label L0
812,Translate: Translate ArrayExp level tigermain label L0
338,Translate: Translate VarExp level tigermain label L0
259,Translate: Translate SimpleVar level tigermain label L0
368,Translate: Translate IntExp level tigermain label L0
901,Translate: Translate FunctionDec level tigermain label L0
938,Translate: empty point!
416,Translate: Translate CallExp level nop label nop
376,Translate: Translate StringExp level nop label nop
226,TranslateProgram: 
Main Translate Begin!
791,Translate: Translate LetExp level tigermain label L0
975,Translate: Translate VarDec level tigermain label L0
368,Translate: Translate IntExp level tigermain label L0
1007,Translate: Translate TypeDec level tigermain label L0
1061,Translate: Translate ArrayTy
975,Translate: Translate VarDec level tigermain label L0
812,Translate: Translate ArrayExp level tigermain label L0
338,Translate: Translate VarExp level tigermain label L0
259,Translate: Translate SimpleVar level tigermain label L0
368,Translate: Translate IntExp level tigermain label L0
901,Translate: Translate FunctionDec level tigermain label L0
416,Translate: Translate CallExp level nop label nop
376,Translate: Translate StringExp level nop label nop
226,TranslateProgram: 
Main Translate Begin!
798,Translate: Translate LetExp level tigermain label L0
982,Translate: Translate VarDec level tigermain label L0
368,Translate: Translate IntExp level tigermain label L0
1014,Translate: Translate TypeDec level tigermain label L0
1068,Translate: Translate ArrayTy
982,Translate: Translate VarDec level tigermain label L0
819,Translate: Translate ArrayExp level tigermain label L0
338,Translate: Translate VarExp level tigermain label L0
259,Translate: Translate SimpleVar level tigermain label L0
368,Translate: Translate IntExp level tigermain label L0
908,Translate: Translate FunctionDec level tigermain label L0
417,Translate: Translate CallExp level nop label nop
376,Translate: Translate StringExp level nop label nop
757,Translate: Translate ForExp level init label init
368,Translate: Translate IntExp level init label init
471,Translate: Translate OpExp level init label init
338,Translate: Translate VarExp level init label init
259,Translate: Translate SimpleVar level init label init
368,Translate: Translate IntExp level init label init
645,Translate: Translate SeqExp level init label L2
665,Translate: Translate AssignExp level init label L2
311,Translate: Translate SubscriptVar level init label L2
259,Translate: Translate SimpleVar level init label L2
338,Translate: Translate VarExp level init label L2
259,Translate: Translate SimpleVar level init label L2
471,Translate: Translate OpExp level init label L2
471,Translate: Translate OpExp level init label L2
338,Translate: Translate VarExp level init label L2
259,Translate: Translate SimpleVar level init label L2
368,Translate: Translate IntExp level init label L2
368,Translate: Translate IntExp level init label L2
417,Translate: Translate CallExp level init label L2
687,Translate: Translate IfExp level bsearch label bsearch
471,Translate: Translate OpExp level bsearch label bsearch
338,Translate: Translate VarExp level bsearch label bsearch
259,Translate: Translate SimpleVar level bsearch label bsearch
338,Translate: Translate VarExp level bsearch label bsearch
259,Translate: Translate SimpleVar level bsearch label bsearch
338,Translate: Translate VarExp level bsearch label bsearch
259,Translate: Translate SimpleVar level bsearch label bsearch
798,Translate: Translate LetExp level bsearch label bsearch
982,Translate: Translate VarDec level bsearch label bsearch
471,Translate: Translate OpExp level bsearch label bsearch
471,Translate: Translate OpExp level bsearch label bsearch
338,Translate: Translate VarExp level bsearch label bsearch
259,Translate: Translate SimpleVar level bsearch label bsearch
338,Translate: Translate VarExp level bsearch label bsearch
259,Translate: Translate SimpleVar level bsearch label bsearch
368,Translate: Translate IntExp level bsearch label bsearch
645,Translate: Translate SeqExp level bsearch label bsearch
687,Translate: Translate IfExp level bsearch label bsearch
471,Translate: Translate OpExp level bsearch label bsearch
338,Translate: Translate VarExp level bsearch label bsearch
311,Translate: Translate SubscriptVar level bsearch label bsearch
259,Translate: Translate SimpleVar level bsearch label bsearch
338,Translate: Translate VarExp level bsearch label bsearch
259,Translate: Translate SimpleVar level bsearch label bsearch
338,Translate: Translate VarExp level bsearch label bsearch
259,Translate: Translate SimpleVar level bsearch label bsearch
417,Translate: Translate CallExp level bsearch label bsearch
471,Translate: Translate OpExp level bsearch label bsearch
338,Translate: Translate VarExp level bsearch label bsearch
259,Translate: Translate SimpleVar level bsearch label bsearch
368,Translate: Translate IntExp level bsearch label bsearch
338,Translate: Translate VarExp level bsearch label bsearch
259,Translate: Translate SimpleVar level bsearch label bsearch
338,Translate: Translate VarExp level bsearch label bsearch
259,Translate: Translate SimpleVar level bsearch label bsearch
417,Translate: Translate CallExp level bsearch label bsearch
338,Translate: Translate VarExp level bsearch label bsearch
259,Translate: Translate SimpleVar level bsearch label bsearch
338,Translate: Translate VarExp level bsearch label bsearch
259,Translate: Translate SimpleVar level bsearch label bsearch
338,Translate: Translate VarExp level bsearch label bsearch
259,Translate: Translate SimpleVar level bsearch label bsearch
645,Translate: Translate SeqExp level try label try
417,Translate: Translate CallExp level try label try
417,Translate: Translate CallExp level try label try
417,Translate: Translate CallExp level try label try
368,Translate: Translate IntExp level try label try
471,Translate: Translate OpExp level try label try
338,Translate: Translate VarExp level try label try
259,Translate: Translate SimpleVar level try label try
368,Translate: Translate IntExp level try label try
368,Translate: Translate IntExp level try label try
417,Translate: Translate CallExp level try label try
376,Translate: Translate StringExp level try label try
645,Translate: Translate SeqExp level tigermain label L0
417,Translate: Translate CallExp level tigermain label L0
236,TranslateProgram: 
Main Translate End!
374,Translate: Translate IntExp level tigermain label tigermain
1140,Translate: Translate TypeDec level tigermain label tigermain
1195,Translate: Translate ArrayTy
907,Translate: Translate ArrayExp level tigermain label tigermain
344,Translate: Translate VarExp level tigermain label tigermain
258,Translate: Translate SimpleVar level tigermain label tigermain
374,Translate: Translate IntExp level tigermain label tigermain
400,Translate: Translate CallExp level nop label nop
382,Translate: Translate StringExp level nop label nop
374,Translate: Translate IntExp level init label init
344,Translate: Translate VarExp level init label init
258,Translate: Translate SimpleVar level init label init
374,Translate: Translate IntExp level init label init
669,Translate: Translate SeqExp level init label init
689,Translate: Translate AssignExp level init label init
317,Translate: Translate SubscriptVar level init label init
258,Translate: Translate SimpleVar level init label init
344,Translate: Translate VarExp level init label init
258,Translate: Translate SimpleVar level init label init
344,Translate: Translate VarExp level init label init
258,Translate: Translate SimpleVar level init label init
374,Translate: Translate IntExp level init label init
374,Translate: Translate IntExp level init label init
400,Translate: Translate CallExp level init label init
374,Translate: Translate IntExp level init label init
344,Translate: Translate VarExp level init label init
258,Translate: Translate SimpleVar level init label init
374,Translate: Translate IntExp level init label init
374,Translate: Translate IntExp level init label init
344,Translate: Translate VarExp level init label init
258,Translate: Translate SimpleVar level init label init
344,Translate: Translate VarExp level init label init
258,Translate: Translate SimpleVar level init label init
669,Translate: Translate SeqExp level init label L1
669,Translate: Translate SeqExp level init label L1
689,Translate: Translate AssignExp level init label L1
317,Translate: Translate SubscriptVar level init label L1
258,Translate: Translate SimpleVar level init label L1
344,Translate: Translate VarExp level init label L1
258,Translate: Translate SimpleVar level init label L1
344,Translate: Translate VarExp level init label L1
258,Translate: Translate SimpleVar level init label L1
374,Translate: Translate IntExp level init label L1
374,Translate: Translate IntExp level init label L1
400,Translate: Translate CallExp level init label L1
689,Translate: Translate AssignExp level init label L1
258,Translate: Translate SimpleVar level init label L1
344,Translate: Translate VarExp level init label L1
258,Translate: Translate SimpleVar level init label L1
374,Translate: Translate IntExp level init label L1
711,Translate: Translate IfExp level init label L1
344,Translate: Translate VarExp level init label L1
258,Translate: Translate SimpleVar level init label L1
344,Translate: Translate VarExp level init label L1
258,Translate: Translate SimpleVar level init label L1
711,Translate: Translate IfExp level bsearch label bsearch
344,Translate: Translate VarExp level bsearch label bsearch
258,Translate: Translate SimpleVar level bsearch label bsearch
344,Translate: Translate VarExp level bsearch label bsearch
258,Translate: Translate SimpleVar level bsearch label bsearch
344,Translate: Translate VarExp level bsearch label bsearch
258,Translate: Translate SimpleVar level bsearch label bsearch
344,Translate: Translate VarExp level bsearch label bsearch
258,Translate: Translate SimpleVar level bsearch label bsearch
344,Translate: Translate VarExp level bsearch label bsearch
258,Translate: Translate SimpleVar level bsearch label bsearch
374,Translate: Translate IntExp level bsearch label bsearch
669,Translate: Translate SeqExp level bsearch label bsearch
711,Translate: Translate IfExp level bsearch label bsearch
344,Translate: Translate VarExp level bsearch label bsearch
317,Translate: Translate SubscriptVar level bsearch label bsearch
258,Translate: Translate SimpleVar level bsearch label bsearch
344,Translate: Translate VarExp level bsearch label bsearch
258,Translate: Translate SimpleVar level bsearch label bsearch
344,Translate: Translate VarExp level bsearch label bsearch
258,Translate: Translate SimpleVar level bsearch label bsearch
400,Translate: Translate CallExp level bsearch label bsearch
344,Translate: Translate VarExp level bsearch label bsearch
258,Translate: Translate SimpleVar level bsearch label bsearch
374,Translate: Translate IntExp level bsearch label bsearch
344,Translate: Translate VarExp level bsearch label bsearch
258,Translate: Translate SimpleVar level bsearch label bsearch
344,Translate: Translate VarExp level bsearch label bsearch
258,Translate: Translate SimpleVar level bsearch label bsearch
400,Translate: Translate CallExp level bsearch label bsearch
344,Translate: Translate VarExp level bsearch label bsearch
258,Translate: Translate SimpleVar level bsearch label bsearch
344,Translate: Translate VarExp level bsearch label bsearch
258,Translate: Translate SimpleVar level bsearch label bsearch
344,Translate: Translate VarExp level bsearch label bsearch
258,Translate: Translate SimpleVar level bsearch label bsearch
669,Translate: Translate SeqExp level try label try
400,Translate: Translate CallExp level try label try
400,Translate: Translate CallExp level try label try
400,Translate: Translate CallExp level try label try
374,Translate: Translate IntExp level try label try
344,Translate: Translate VarExp level try label try
258,Translate: Translate SimpleVar level try label try
374,Translate: Translate IntExp level try label try
374,Translate: Translate IntExp level try label try
400,Translate: Translate CallExp level try label try
382,Translate: Translate StringExp level try label try
669,Translate: Translate SeqExp level tigermain label tigermain
400,Translate: Translate CallExp level tigermain label tigermain
374,Translate: Translate IntExp level tigermain label tigermain
1140,Translate: Translate TypeDec level tigermain label tigermain
1195,Translate: Translate ArrayTy
907,Translate: Translate ArrayExp level tigermain label tigermain
344,Translate: Translate VarExp level tigermain label tigermain
258,Translate: Translate SimpleVar level tigermain label tigermain
374,Translate: Translate IntExp level tigermain label tigermain
400,Translate: Translate CallExp level nop label nop
382,Translate: Translate StringExp level nop label nop
374,Translate: Translate IntExp level init label init
344,Translate: Translate VarExp level init label init
258,Translate: Translate SimpleVar level init label init
374,Translate: Translate IntExp level init label init
669,Translate: Translate SeqExp level init label init
689,Translate: Translate AssignExp level init label init
317,Translate: Translate SubscriptVar level init label init
258,Translate: Translate SimpleVar level init label init
344,Translate: Translate VarExp level init label init
258,Translate: Translate SimpleVar level init label init
344,Translate: Translate VarExp level init label init
258,Translate: Translate SimpleVar level init label init
374,Translate: Translate IntExp level init label init
374,Translate: Translate IntExp level init label init
400,Translate: Translate CallExp level init label init
374,Translate: Translate IntExp level init label init
344,Translate: Translate VarExp level init label init
258,Translate: Translate SimpleVar level init label init
374,Translate: Translate IntExp level init label init
374,Translate: Translate IntExp level init label init
344,Translate: Translate VarExp level init label init
258,Translate: Translate SimpleVar level init label init
344,Translate: Translate VarExp level init label init
258,Translate: Translate SimpleVar level init label init
669,Translate: Translate SeqExp level init label L1
669,Translate: Translate SeqExp level init label L1
689,Translate: Translate AssignExp level init label L1
317,Translate: Translate SubscriptVar level init label L1
258,Translate: Translate SimpleVar level init label L1
344,Translate: Translate VarExp level init label L1
258,Translate: Translate SimpleVar level init label L1
344,Translate: Translate VarExp level init label L1
258,Translate: Translate SimpleVar level init label L1
374,Translate: Translate IntExp level init label L1
374,Translate: Translate IntExp level init label L1
400,Translate: Translate CallExp level init label L1
689,Translate: Translate AssignExp level init label L1
258,Translate: Translate SimpleVar level init label L1
344,Translate: Translate VarExp level init label L1
258,Translate: Translate SimpleVar level init label L1
374,Translate: Translate IntExp level init label L1
711,Translate: Translate IfExp level init label L1
344,Translate: Translate VarExp level init label L1
258,Translate: Translate SimpleVar level init label L1
344,Translate: Translate VarExp level init label L1
258,Translate: Translate SimpleVar level init label L1
711,Translate: Translate IfExp level bsearch label bsearch
344,Translate: Translate VarExp level bsearch label bsearch
258,Translate: Translate SimpleVar level bsearch label bsearch
344,Translate: Translate VarExp level bsearch label bsearch
258,Translate: Translate SimpleVar level bsearch label bsearch
344,Translate: Translate VarExp level bsearch label bsearch
258,Translate: Translate SimpleVar level bsearch label bsearch
344,Translate: Translate VarExp level bsearch label bsearch
258,Translate: Translate SimpleVar level bsearch label bsearch
344,Translate: Translate VarExp level bsearch label bsearch
258,Translate: Translate SimpleVar level bsearch label bsearch
374,Translate: Translate IntExp level bsearch label bsearch
669,Translate: Translate SeqExp level bsearch label bsearch
711,Translate: Translate IfExp level bsearch label bsearch
344,Translate: Translate VarExp level bsearch label bsearch
317,Translate: Translate SubscriptVar level bsearch label bsearch
258,Translate: Translate SimpleVar level bsearch label bsearch
344,Translate: Translate VarExp level bsearch label bsearch
258,Translate: Translate SimpleVar level bsearch label bsearch
344,Translate: Translate VarExp level bsearch label bsearch
258,Translate: Translate SimpleVar level bsearch label bsearch
400,Translate: Translate CallExp level bsearch label bsearch
344,Translate: Translate VarExp level bsearch label bsearch
258,Translate: Translate SimpleVar level bsearch label bsearch
374,Translate: Translate IntExp level bsearch label bsearch
344,Translate: Translate VarExp level bsearch label bsearch
258,Translate: Translate SimpleVar level bsearch label bsearch
344,Translate: Translate VarExp level bsearch label bsearch
258,Translate: Translate SimpleVar level bsearch label bsearch
400,Translate: Translate CallExp level bsearch label bsearch
344,Translate: Translate VarExp level bsearch label bsearch
258,Translate: Translate SimpleVar level bsearch label bsearch
344,Translate: Translate VarExp level bsearch label bsearch
258,Translate: Translate SimpleVar level bsearch label bsearch
344,Translate: Translate VarExp level bsearch label bsearch
258,Translate: Translate SimpleVar level bsearch label bsearch
669,Translate: Translate SeqExp level try label try
400,Translate: Translate CallExp level try label try
400,Translate: Translate CallExp level try label try
400,Translate: Translate CallExp level try label try
374,Translate: Translate IntExp level try label try
344,Translate: Translate VarExp level try label try
258,Translate: Translate SimpleVar level try label try
374,Translate: Translate IntExp level try label try
374,Translate: Translate IntExp level try label try
400,Translate: Translate CallExp level try label try
382,Translate: Translate StringExp level try label try
669,Translate: Translate SeqExp level tigermain label tigermain
400,Translate: Translate CallExp level tigermain label tigermain
